---
Wed 27 Jul 2022 12:09:51 PM CDT
Scheduling a call: dstake.factory.shardnet.near.ping({})
Doing account.functionCall()
Transaction Id cCXvuRrAtmAxcNedSZoHkBG5GEw5KMukTEoE7i2CWVp
To see the transaction in the transaction explorer, please open this url in your browser
https://explorer.shardnet.near.org/transactions/cCXvuRrAtmAxcNedSZoHkBG5GEw5KMukTEoE7i2CWVp
''
| Proposal(Accepted) | dstake.factory.shardnet.near              | 556                | 1       |
---
Wed 27 Jul 2022 12:26:49 PM CDT
Scheduling a call: dstake.factory.shardnet.near.ping({})
Doing account.functionCall()
Transaction Id 3gjyRvUmfE2W2bhKmnjW3GA26Q5Co6aJybnaJWWeXA2i
To see the transaction in the transaction explorer, please open this url in your browser
https://explorer.shardnet.near.org/transactions/3gjyRvUmfE2W2bhKmnjW3GA26Q5Co6aJybnaJWWeXA2i
''
| Proposal(Accepted) | dstake.factory.shardnet.near              | 556                | 1       |
---
Wed 27 Jul 2022 12:28:01 PM CDT
Scheduling a call: dstake.factory.shardnet.near.ping({})
Doing account.functionCall()
Transaction Id BFuKEU1nFesaM4TmSazNiB8ejYhUK7r1Lbvnbar3rMFh
To see the transaction in the transaction explorer, please open this url in your browser
https://explorer.shardnet.near.org/transactions/BFuKEU1nFesaM4TmSazNiB8ejYhUK7r1Lbvnbar3rMFh
''
| Proposal(Accepted) | dstake.factory.shardnet.near              | 556                | 1       |
---
Wed 27 Jul 2022 12:30:01 PM CDT
Scheduling a call: dstake.factory.shardnet.near.ping({})
Doing account.functionCall()
Transaction Id 2yyTzQfsDQZvPDuXVwW8XuKZeTZm9YFrJsDoBoLXWLNC
To see the transaction in the transaction explorer, please open this url in your browser
https://explorer.shardnet.near.org/transactions/2yyTzQfsDQZvPDuXVwW8XuKZeTZm9YFrJsDoBoLXWLNC
''
| Proposal(Accepted) | dstake.factory.shardnet.near              | 556                | 1       |
---
Wed 27 Jul 2022 12:32:01 PM CDT
Scheduling a call: dstake.factory.shardnet.near.ping({})
Doing account.functionCall()
Transaction Id 8tCQV2PQyKUCRnPUKm8ADHqkwoQ7p6hFqEug2URGme3d
To see the transaction in the transaction explorer, please open this url in your browser
https://explorer.shardnet.near.org/transactions/8tCQV2PQyKUCRnPUKm8ADHqkwoQ7p6hFqEug2URGme3d
''
| Proposal(Accepted) | dstake.factory.shardnet.near              | 556                | 1       |
---
Wed 27 Jul 2022 12:34:01 PM CDT
Scheduling a call: dstake.factory.shardnet.near.ping({})
Doing account.functionCall()
Transaction Id CmHiL3oG7ZE1ZP5bwnmhEFz37smrQs3rAgZ37eZhzv5p
To see the transaction in the transaction explorer, please open this url in your browser
https://explorer.shardnet.near.org/transactions/CmHiL3oG7ZE1ZP5bwnmhEFz37smrQs3rAgZ37eZhzv5p
''
| Proposal(Accepted) | dstake.factory.shardnet.near              | 556                | 1       |
---
Wed 27 Jul 2022 12:36:01 PM CDT
Scheduling a call: dstake.factory.shardnet.near.ping({})
Doing account.functionCall()
Transaction Id 5JdoWKeDVg4aNUMqL3UsmtJCDfL4GB6pg41Pj5ErfEtJ
To see the transaction in the transaction explorer, please open this url in your browser
https://explorer.shardnet.near.org/transactions/5JdoWKeDVg4aNUMqL3UsmtJCDfL4GB6pg41Pj5ErfEtJ
''
| Proposal(Accepted) | dstake.factory.shardnet.near              | 556                | 1       |
---
Wed 27 Jul 2022 12:38:01 PM CDT
Scheduling a call: dstake.factory.shardnet.near.ping({})
Doing account.functionCall()
Transaction Id 2d54pYvpchyvaB12VEzVhmDpVspSmFStaxKxwt1hZck7
To see the transaction in the transaction explorer, please open this url in your browser
https://explorer.shardnet.near.org/transactions/2d54pYvpchyvaB12VEzVhmDpVspSmFStaxKxwt1hZck7
''
| Proposal(Accepted) | dstake.factory.shardnet.near              | 556                | 1       |
---
Wed 27 Jul 2022 12:40:01 PM CDT
Scheduling a call: dstake.factory.shardnet.near.ping({})
Doing account.functionCall()
Transaction Id HVf9LNjpQw47JLaVuxuXXfzi7UXAeRxh66ssf29pfaxE
To see the transaction in the transaction explorer, please open this url in your browser
https://explorer.shardnet.near.org/transactions/HVf9LNjpQw47JLaVuxuXXfzi7UXAeRxh66ssf29pfaxE
''
| Proposal(Accepted) | dstake.factory.shardnet.near              | 556                | 1       |
---
Wed 27 Jul 2022 12:42:01 PM CDT
Scheduling a call: dstake.factory.shardnet.near.ping({})
Doing account.functionCall()
Transaction Id GxDXBHt8Y71PhZgU7L9UEupvCoLAjhqFVYviA9sk4aCP
To see the transaction in the transaction explorer, please open this url in your browser
https://explorer.shardnet.near.org/transactions/GxDXBHt8Y71PhZgU7L9UEupvCoLAjhqFVYviA9sk4aCP
''
| Proposal(Accepted) | dstake.factory.shardnet.near              | 556                | 1       |
---
Wed 27 Jul 2022 12:44:01 PM CDT
Scheduling a call: dstake.factory.shardnet.near.ping({})
Doing account.functionCall()
Transaction Id A71QpJJFZqb8Dbg9JRJ5WGGacPf2tRFVH68PdjvefTDg
To see the transaction in the transaction explorer, please open this url in your browser
https://explorer.shardnet.near.org/transactions/A71QpJJFZqb8Dbg9JRJ5WGGacPf2tRFVH68PdjvefTDg
''
| Proposal(Accepted) | dstake.factory.shardnet.near              | 556                | 1       |
---
Wed 27 Jul 2022 12:46:01 PM CDT
Scheduling a call: dstake.factory.shardnet.near.ping({})
Doing account.functionCall()
Transaction Id DpnZKYce7fUN93ehavutGw6bTUUoHbNcirHKdU3i3fho
To see the transaction in the transaction explorer, please open this url in your browser
https://explorer.shardnet.near.org/transactions/DpnZKYce7fUN93ehavutGw6bTUUoHbNcirHKdU3i3fho
''
| Proposal(Accepted) | dstake.factory.shardnet.near              | 556                | 1       |
---
Wed 27 Jul 2022 12:48:01 PM CDT
Scheduling a call: dstake.factory.shardnet.near.ping({})
Doing account.functionCall()
Transaction Id CS2UQDnYdamFE2aRm74d3TLKk7uBRCjKTksvubd9PfZD
To see the transaction in the transaction explorer, please open this url in your browser
https://explorer.shardnet.near.org/transactions/CS2UQDnYdamFE2aRm74d3TLKk7uBRCjKTksvubd9PfZD
''
| Proposal(Accepted) | dstake.factory.shardnet.near              | 556                | 1       |
---
Wed 27 Jul 2022 12:50:01 PM CDT
Scheduling a call: dstake.factory.shardnet.near.ping({})
Doing account.functionCall()
Transaction Id 2GrrqHsYFvA7vmQ9KCdXqZhKTdJVjQzpN6Tbw8P3YrXr
To see the transaction in the transaction explorer, please open this url in your browser
https://explorer.shardnet.near.org/transactions/2GrrqHsYFvA7vmQ9KCdXqZhKTdJVjQzpN6Tbw8P3YrXr
''
| Proposal(Accepted) | dstake.factory.shardnet.near              | 556                | 1       |
---
Wed 27 Jul 2022 12:52:01 PM CDT
Scheduling a call: dstake.factory.shardnet.near.ping({})
Doing account.functionCall()
Transaction Id 5Zwp4ru8HwqpjQzEaCPNTNX4mbWAAiNweAgG5e3kApTm
To see the transaction in the transaction explorer, please open this url in your browser
https://explorer.shardnet.near.org/transactions/5Zwp4ru8HwqpjQzEaCPNTNX4mbWAAiNweAgG5e3kApTm
''
| Proposal(Accepted) | dstake.factory.shardnet.near              | 556                | 1       |
---
Wed 27 Jul 2022 12:54:01 PM CDT
Scheduling a call: dstake.factory.shardnet.near.ping({})
Doing account.functionCall()
Transaction Id DBxUDz1iR23sWtJFds42LX9QUyb9efUVFHbV4nLnk1uW
To see the transaction in the transaction explorer, please open this url in your browser
https://explorer.shardnet.near.org/transactions/DBxUDz1iR23sWtJFds42LX9QUyb9efUVFHbV4nLnk1uW
''
| Proposal(Accepted) | dstake.factory.shardnet.near              | 556                | 1       |
---
Wed 27 Jul 2022 12:56:01 PM CDT
Scheduling a call: dstake.factory.shardnet.near.ping({})
Doing account.functionCall()
Transaction Id 6QxQTdynifcWJCZiAHbCKjGc4fDRWei6UEpVBn8yQ1Yf
To see the transaction in the transaction explorer, please open this url in your browser
https://explorer.shardnet.near.org/transactions/6QxQTdynifcWJCZiAHbCKjGc4fDRWei6UEpVBn8yQ1Yf
''
| Proposal(Accepted) | dstake.factory.shardnet.near              | 556                | 1       |
---
Wed 27 Jul 2022 12:58:01 PM CDT
Scheduling a call: dstake.factory.shardnet.near.ping({})
Doing account.functionCall()
Transaction Id 9b9iUfk1iAKyTutpYV9rdR9vgenur87u3iKrgtTK5nXC
To see the transaction in the transaction explorer, please open this url in your browser
https://explorer.shardnet.near.org/transactions/9b9iUfk1iAKyTutpYV9rdR9vgenur87u3iKrgtTK5nXC
''
| Proposal(Accepted) | dstake.factory.shardnet.near              | 556                | 1       |
---
Wed 27 Jul 2022 01:00:01 PM CDT
Scheduling a call: dstake.factory.shardnet.near.ping({})
Doing account.functionCall()
Transaction Id 5WGuSMQT3R1UYEPBAk9scW4btiJyfAv2Wvu6tPQGxAHJ
To see the transaction in the transaction explorer, please open this url in your browser
https://explorer.shardnet.near.org/transactions/5WGuSMQT3R1UYEPBAk9scW4btiJyfAv2Wvu6tPQGxAHJ
''
| Proposal(Accepted) | dstake.factory.shardnet.near              | 556                | 1       |
---
Wed 27 Jul 2022 01:02:01 PM CDT
Scheduling a call: dstake.factory.shardnet.near.ping({})
Doing account.functionCall()
Transaction Id 6SBzmbq6EtU3nmfnnuni2dc2vpspsZubLpDhWMHSGZuT
To see the transaction in the transaction explorer, please open this url in your browser
https://explorer.shardnet.near.org/transactions/6SBzmbq6EtU3nmfnnuni2dc2vpspsZubLpDhWMHSGZuT
''
| Proposal(Accepted) | dstake.factory.shardnet.near              | 556                | 1       |
---
Wed 27 Jul 2022 01:04:01 PM CDT
Scheduling a call: dstake.factory.shardnet.near.ping({})
Doing account.functionCall()
Transaction Id FNRhCz7sva8pnLW2B8HtoKUYQ8ubUCQmt1kYcVpKEGrb
To see the transaction in the transaction explorer, please open this url in your browser
https://explorer.shardnet.near.org/transactions/FNRhCz7sva8pnLW2B8HtoKUYQ8ubUCQmt1kYcVpKEGrb
''
| Proposal(Accepted) | dstake.factory.shardnet.near              | 556                | 1       |
---
Wed 27 Jul 2022 01:06:01 PM CDT
Scheduling a call: dstake.factory.shardnet.near.ping({})
Doing account.functionCall()
Transaction Id 47iZS6UC5wWobFGuw5Mv2nazDt3svNkAAjeQuhvyQUfU
To see the transaction in the transaction explorer, please open this url in your browser
https://explorer.shardnet.near.org/transactions/47iZS6UC5wWobFGuw5Mv2nazDt3svNkAAjeQuhvyQUfU
''
| Proposal(Accepted) | dstake.factory.shardnet.near              | 556                | 1       |
---
Wed 27 Jul 2022 01:08:01 PM CDT
Scheduling a call: dstake.factory.shardnet.near.ping({})
Doing account.functionCall()
Transaction Id FepwApbi8ufrbMMh8Uzhj54BAk9furzG3neUVbye7tYP
To see the transaction in the transaction explorer, please open this url in your browser
https://explorer.shardnet.near.org/transactions/FepwApbi8ufrbMMh8Uzhj54BAk9furzG3neUVbye7tYP
''
| Proposal(Accepted) | dstake.factory.shardnet.near              | 556                | 1       |
---
Wed 27 Jul 2022 01:10:01 PM CDT
Scheduling a call: dstake.factory.shardnet.near.ping({})
Doing account.functionCall()
Transaction Id 8jCs5yUNgHD3h3CzhLaCxJ2r6uLFZBEeVVTRZCr2EFp7
To see the transaction in the transaction explorer, please open this url in your browser
https://explorer.shardnet.near.org/transactions/8jCs5yUNgHD3h3CzhLaCxJ2r6uLFZBEeVVTRZCr2EFp7
''
| Proposal(Accepted) | dstake.factory.shardnet.near              | 556                | 1       |
---
Wed 27 Jul 2022 01:12:01 PM CDT
Scheduling a call: dstake.factory.shardnet.near.ping({})
Doing account.functionCall()
Transaction Id CyHPUPEDpHpGJtvQuo6nTSiueuXqDCn9nuapdNhHBVcq
To see the transaction in the transaction explorer, please open this url in your browser
https://explorer.shardnet.near.org/transactions/CyHPUPEDpHpGJtvQuo6nTSiueuXqDCn9nuapdNhHBVcq
''
| Proposal(Accepted) | dstake.factory.shardnet.near              | 556                | 1       |
---
Wed 27 Jul 2022 01:14:01 PM CDT
Scheduling a call: dstake.factory.shardnet.near.ping({})
Doing account.functionCall()
Transaction Id AYb47G6Zi3iKEF8mCKvvBThSWVJbuGT5WztabNupM7iV
To see the transaction in the transaction explorer, please open this url in your browser
https://explorer.shardnet.near.org/transactions/AYb47G6Zi3iKEF8mCKvvBThSWVJbuGT5WztabNupM7iV
''
| Proposal(Accepted) | dstake.factory.shardnet.near              | 556                | 1       |
---
Wed 27 Jul 2022 01:16:01 PM CDT
Scheduling a call: dstake.factory.shardnet.near.ping({})
Doing account.functionCall()
Transaction Id 8uYeT9eyns4YkmKRNBqReBzgt2ZWFHFBBuqSouiLrMyE
To see the transaction in the transaction explorer, please open this url in your browser
https://explorer.shardnet.near.org/transactions/8uYeT9eyns4YkmKRNBqReBzgt2ZWFHFBBuqSouiLrMyE
''
| Proposal(Accepted) | dstake.factory.shardnet.near              | 556                | 1       |
---
Wed 27 Jul 2022 01:18:01 PM CDT
Scheduling a call: dstake.factory.shardnet.near.ping({})
Doing account.functionCall()
Transaction Id DiT95xZcj5jkUkL54MVhPUXV8EwnejdotEbDFkwxDEdx
To see the transaction in the transaction explorer, please open this url in your browser
https://explorer.shardnet.near.org/transactions/DiT95xZcj5jkUkL54MVhPUXV8EwnejdotEbDFkwxDEdx
''
| Proposal(Accepted) | dstake.factory.shardnet.near              | 556                | 1       |
---
Wed 27 Jul 2022 01:20:01 PM CDT
Scheduling a call: dstake.factory.shardnet.near.ping({})
Doing account.functionCall()
Transaction Id A3ScvGXCtY7J9po2Q5JSN6cbf3b6sLZDUxYDU1JQagqu
To see the transaction in the transaction explorer, please open this url in your browser
https://explorer.shardnet.near.org/transactions/A3ScvGXCtY7J9po2Q5JSN6cbf3b6sLZDUxYDU1JQagqu
''
| Proposal(Accepted) | dstake.factory.shardnet.near              | 556                | 1       |
---
Wed 27 Jul 2022 01:22:01 PM CDT
Scheduling a call: dstake.factory.shardnet.near.ping({})
Doing account.functionCall()
Transaction Id 9T2zvzwsGXK42KtNJnRvyt8sgXprSN33FwowyRLutqAp
To see the transaction in the transaction explorer, please open this url in your browser
https://explorer.shardnet.near.org/transactions/9T2zvzwsGXK42KtNJnRvyt8sgXprSN33FwowyRLutqAp
''
| Proposal(Accepted) | dstake.factory.shardnet.near              | 556                | 1       |
---
Wed 27 Jul 2022 01:24:01 PM CDT
Scheduling a call: dstake.factory.shardnet.near.ping({})
Doing account.functionCall()
Transaction Id EvzWJRYGZNcgkKnLgM5ABPyfTgnTVwx3qzxF9yknJTWe
To see the transaction in the transaction explorer, please open this url in your browser
https://explorer.shardnet.near.org/transactions/EvzWJRYGZNcgkKnLgM5ABPyfTgnTVwx3qzxF9yknJTWe
''
| Proposal(Accepted) | dstake.factory.shardnet.near              | 556                | 1       |
---
Wed 27 Jul 2022 01:26:01 PM CDT
Scheduling a call: dstake.factory.shardnet.near.ping({})
Doing account.functionCall()
Transaction Id Cp751oX51s1WD9jMpw4ZfFLdJoXSST8WeQbVVpro8Yxn
To see the transaction in the transaction explorer, please open this url in your browser
https://explorer.shardnet.near.org/transactions/Cp751oX51s1WD9jMpw4ZfFLdJoXSST8WeQbVVpro8Yxn
''
| Proposal(Accepted) | dstake.factory.shardnet.near              | 556                | 1       |
---
Wed 27 Jul 2022 01:28:01 PM CDT
Scheduling a call: dstake.factory.shardnet.near.ping({})
Doing account.functionCall()
Transaction Id uWRrhZnDxxwm3e9WmSc5Jz8gWSS9vmwPJEQFoQwhwzC
To see the transaction in the transaction explorer, please open this url in your browser
https://explorer.shardnet.near.org/transactions/uWRrhZnDxxwm3e9WmSc5Jz8gWSS9vmwPJEQFoQwhwzC
''
| Proposal(Accepted) | dstake.factory.shardnet.near              | 556                | 1       |
---
Wed 27 Jul 2022 01:30:01 PM CDT
Scheduling a call: dstake.factory.shardnet.near.ping({})
Doing account.functionCall()
Transaction Id CGmEiky8PbiJ8ady46zKqXV1edtPsi95QdgPJoTnNbiE
To see the transaction in the transaction explorer, please open this url in your browser
https://explorer.shardnet.near.org/transactions/CGmEiky8PbiJ8ady46zKqXV1edtPsi95QdgPJoTnNbiE
''
| Proposal(Accepted) | dstake.factory.shardnet.near              | 556                | 1       |
---
Wed 27 Jul 2022 01:32:01 PM CDT
Scheduling a call: dstake.factory.shardnet.near.ping({})
Doing account.functionCall()
Transaction Id 9WWivv1oeq7JErPU2LJZTme4HZHimR3hog1Aky9uvmiH
To see the transaction in the transaction explorer, please open this url in your browser
https://explorer.shardnet.near.org/transactions/9WWivv1oeq7JErPU2LJZTme4HZHimR3hog1Aky9uvmiH
''
| Proposal(Accepted) | dstake.factory.shardnet.near              | 556                | 1       |
---
Wed 27 Jul 2022 01:34:01 PM CDT
Scheduling a call: dstake.factory.shardnet.near.ping({})
Doing account.functionCall()
Transaction Id 8bz3Gho3qBLzS65jyVJrGrBNegtABih6eAoztb97C6kA
To see the transaction in the transaction explorer, please open this url in your browser
https://explorer.shardnet.near.org/transactions/8bz3Gho3qBLzS65jyVJrGrBNegtABih6eAoztb97C6kA
''
| New      | dstake.factory.shardnet.near            | 556              | 1       |
---
Wed 27 Jul 2022 01:36:01 PM CDT
Scheduling a call: dstake.factory.shardnet.near.ping({})
Doing account.functionCall()
Transaction Id BcsuFq1bbdGQYpRQsAe5rdnYXTsoKZabnnBPGz8HpiFZ
To see the transaction in the transaction explorer, please open this url in your browser
https://explorer.shardnet.near.org/transactions/BcsuFq1bbdGQYpRQsAe5rdnYXTsoKZabnnBPGz8HpiFZ
''
| New      | dstake.factory.shardnet.near            | 556              | 1       |
---
Wed 27 Jul 2022 01:38:01 PM CDT
Scheduling a call: dstake.factory.shardnet.near.ping({})
Doing account.functionCall()
Transaction Id B1VtkpkGj3c9mf7fPddyZdv14rPn8Ky7gEMxBwxMbEqc
To see the transaction in the transaction explorer, please open this url in your browser
https://explorer.shardnet.near.org/transactions/B1VtkpkGj3c9mf7fPddyZdv14rPn8Ky7gEMxBwxMbEqc
''
| New      | dstake.factory.shardnet.near            | 556              | 1       |
---
Wed 27 Jul 2022 01:40:01 PM CDT
Scheduling a call: dstake.factory.shardnet.near.ping({})
Doing account.functionCall()
Transaction Id GRSRDUNE5Fd2ukWHToMA2xHHrZ1TQsGownAWEmuwMgfK
To see the transaction in the transaction explorer, please open this url in your browser
https://explorer.shardnet.near.org/transactions/GRSRDUNE5Fd2ukWHToMA2xHHrZ1TQsGownAWEmuwMgfK
''
| New      | dstake.factory.shardnet.near            | 556              | 1       |
---
Wed 27 Jul 2022 01:42:01 PM CDT
Scheduling a call: dstake.factory.shardnet.near.ping({})
Doing account.functionCall()
Transaction Id FxB659sVA4LoxY7m7WgPAjiAbSTH8DoDe4X1uRNgEPZD
To see the transaction in the transaction explorer, please open this url in your browser
https://explorer.shardnet.near.org/transactions/FxB659sVA4LoxY7m7WgPAjiAbSTH8DoDe4X1uRNgEPZD
''
| New      | dstake.factory.shardnet.near            | 556              | 1       |
---
Wed 27 Jul 2022 01:44:01 PM CDT
Scheduling a call: dstake.factory.shardnet.near.ping({})
Doing account.functionCall()
Transaction Id 3JUnVE67XeNrNQmbnNpf7wVNUrv44taoyBg8gRitpRiJ
To see the transaction in the transaction explorer, please open this url in your browser
https://explorer.shardnet.near.org/transactions/3JUnVE67XeNrNQmbnNpf7wVNUrv44taoyBg8gRitpRiJ
''
| New      | dstake.factory.shardnet.near            | 556              | 1       |
---
Wed 27 Jul 2022 01:46:01 PM CDT
Scheduling a call: dstake.factory.shardnet.near.ping({})
Doing account.functionCall()
Transaction Id T6ogEzsdg1BKSaec8gHd3WyMSCSwL9Cyh4RBF4exqjc
To see the transaction in the transaction explorer, please open this url in your browser
https://explorer.shardnet.near.org/transactions/T6ogEzsdg1BKSaec8gHd3WyMSCSwL9Cyh4RBF4exqjc
''
| New      | dstake.factory.shardnet.near            | 556              | 1       |
---
Wed 27 Jul 2022 01:48:01 PM CDT
Scheduling a call: dstake.factory.shardnet.near.ping({})
Doing account.functionCall()
Transaction Id GEY3QMQwJu7XrUvHRAq9cqczhJ1uw8zUke1LVnUoWDEq
To see the transaction in the transaction explorer, please open this url in your browser
https://explorer.shardnet.near.org/transactions/GEY3QMQwJu7XrUvHRAq9cqczhJ1uw8zUke1LVnUoWDEq
''
| New      | dstake.factory.shardnet.near            | 556              | 1       |
---
Wed 27 Jul 2022 01:50:01 PM CDT
Scheduling a call: dstake.factory.shardnet.near.ping({})
Doing account.functionCall()
Transaction Id AvynW3aCPwcAQNavZfWUhj6eyLWM4jV8HDtGcXRhKAgy
To see the transaction in the transaction explorer, please open this url in your browser
https://explorer.shardnet.near.org/transactions/AvynW3aCPwcAQNavZfWUhj6eyLWM4jV8HDtGcXRhKAgy
''
| New      | dstake.factory.shardnet.near            | 556              | 1       |
---
Wed 27 Jul 2022 01:52:01 PM CDT
Scheduling a call: dstake.factory.shardnet.near.ping({})
Doing account.functionCall()
Transaction Id 8WfPGQ2mtWVA2J3owAVujM77SHwtGHxQ76bJB5PuhgAh
To see the transaction in the transaction explorer, please open this url in your browser
https://explorer.shardnet.near.org/transactions/8WfPGQ2mtWVA2J3owAVujM77SHwtGHxQ76bJB5PuhgAh
''
| New      | dstake.factory.shardnet.near            | 556              | 1       |
---
Wed 27 Jul 2022 01:54:01 PM CDT
Scheduling a call: dstake.factory.shardnet.near.ping({})
Doing account.functionCall()
Transaction Id DkWufaWLif2RjrSXMa3Bu4qnPTLxBvHhos8URyQTmvQP
To see the transaction in the transaction explorer, please open this url in your browser
https://explorer.shardnet.near.org/transactions/DkWufaWLif2RjrSXMa3Bu4qnPTLxBvHhos8URyQTmvQP
''
| New      | dstake.factory.shardnet.near            | 556              | 1       |
---
Wed 27 Jul 2022 01:56:01 PM CDT
Scheduling a call: dstake.factory.shardnet.near.ping({})
Doing account.functionCall()
Transaction Id BdGMYT7TuFJWZxBatkpD4F4Dgnk1bKTptKfbM2GaCUis
To see the transaction in the transaction explorer, please open this url in your browser
https://explorer.shardnet.near.org/transactions/BdGMYT7TuFJWZxBatkpD4F4Dgnk1bKTptKfbM2GaCUis
''
| New      | dstake.factory.shardnet.near            | 556              | 1       |
---
Wed 27 Jul 2022 01:58:01 PM CDT
Scheduling a call: dstake.factory.shardnet.near.ping({})
Doing account.functionCall()
Transaction Id 51smAiunDVsDMv6C6sKKK16vf6qeZJ6uvPyXK4qhQyiN
To see the transaction in the transaction explorer, please open this url in your browser
https://explorer.shardnet.near.org/transactions/51smAiunDVsDMv6C6sKKK16vf6qeZJ6uvPyXK4qhQyiN
''
| New      | dstake.factory.shardnet.near            | 556              | 1       |
---
Wed 27 Jul 2022 02:00:01 PM CDT
Scheduling a call: dstake.factory.shardnet.near.ping({})
Doing account.functionCall()
Transaction Id 9drAhG8gxJRtrTEjnvZJH6vJYQ71AxJmfHCPyFXCBtzR
To see the transaction in the transaction explorer, please open this url in your browser
https://explorer.shardnet.near.org/transactions/9drAhG8gxJRtrTEjnvZJH6vJYQ71AxJmfHCPyFXCBtzR
''
| New      | dstake.factory.shardnet.near            | 556              | 1       |
---
Wed 27 Jul 2022 02:02:01 PM CDT
Scheduling a call: dstake.factory.shardnet.near.ping({})
Doing account.functionCall()
Transaction Id 2Ko6oa4dnRYYcgEf9UnBgzBWVG4VzM4zidmG94vUmip5
To see the transaction in the transaction explorer, please open this url in your browser
https://explorer.shardnet.near.org/transactions/2Ko6oa4dnRYYcgEf9UnBgzBWVG4VzM4zidmG94vUmip5
''
| New      | dstake.factory.shardnet.near            | 556              | 1       |
---
Wed 27 Jul 2022 02:04:01 PM CDT
Scheduling a call: dstake.factory.shardnet.near.ping({})
Doing account.functionCall()
Transaction Id 5iozb2Rcr2gqSeo9AHdtwoqcPjaejC7meRs76mvGbRWA
To see the transaction in the transaction explorer, please open this url in your browser
https://explorer.shardnet.near.org/transactions/5iozb2Rcr2gqSeo9AHdtwoqcPjaejC7meRs76mvGbRWA
''
| New      | dstake.factory.shardnet.near            | 556              | 1       |
---
Wed 27 Jul 2022 02:06:01 PM CDT
Scheduling a call: dstake.factory.shardnet.near.ping({})
Doing account.functionCall()
Transaction Id 2LaTXT7fgmbc1yFMwnYixZ5zPgXqAvHdRRZPZFWRApPn
To see the transaction in the transaction explorer, please open this url in your browser
https://explorer.shardnet.near.org/transactions/2LaTXT7fgmbc1yFMwnYixZ5zPgXqAvHdRRZPZFWRApPn
''
| New      | dstake.factory.shardnet.near            | 556              | 1       |
---
Wed 27 Jul 2022 02:08:01 PM CDT
Scheduling a call: dstake.factory.shardnet.near.ping({})
Doing account.functionCall()
Transaction Id 8jJYi6j9fhAqpFL1SZ5ZM5j2akb7vVu6j9Rpn6ivFJK
To see the transaction in the transaction explorer, please open this url in your browser
https://explorer.shardnet.near.org/transactions/8jJYi6j9fhAqpFL1SZ5ZM5j2akb7vVu6j9Rpn6ivFJK
''
| New      | dstake.factory.shardnet.near            | 556              | 1       |
---
Wed 27 Jul 2022 02:10:01 PM CDT
Scheduling a call: dstake.factory.shardnet.near.ping({})
Doing account.functionCall()
Transaction Id 5JHQCTtjFztAXnBKidd4CQenBThBXiwM1SxSnmZ9sgAi
To see the transaction in the transaction explorer, please open this url in your browser
https://explorer.shardnet.near.org/transactions/5JHQCTtjFztAXnBKidd4CQenBThBXiwM1SxSnmZ9sgAi
''
| New      | dstake.factory.shardnet.near            | 556              | 1       |
---
Wed 27 Jul 2022 02:12:01 PM CDT
Scheduling a call: dstake.factory.shardnet.near.ping({})
Doing account.functionCall()
Transaction Id 2mPCZJBZJUGthP7Ayaqy8DvTrCKakkBczypZFyRKsCoW
To see the transaction in the transaction explorer, please open this url in your browser
https://explorer.shardnet.near.org/transactions/2mPCZJBZJUGthP7Ayaqy8DvTrCKakkBczypZFyRKsCoW
''
| New      | dstake.factory.shardnet.near            | 556              | 1       |
---
Wed 27 Jul 2022 02:14:01 PM CDT
Scheduling a call: dstake.factory.shardnet.near.ping({})
Doing account.functionCall()
Transaction Id Bt1ohcs5XXMUaJm8htHSxTwcQyAFH9TXxn52kLMXt3Dt
To see the transaction in the transaction explorer, please open this url in your browser
https://explorer.shardnet.near.org/transactions/Bt1ohcs5XXMUaJm8htHSxTwcQyAFH9TXxn52kLMXt3Dt
''
| New      | dstake.factory.shardnet.near            | 556              | 1       |
---
Wed 27 Jul 2022 02:16:01 PM CDT
Scheduling a call: dstake.factory.shardnet.near.ping({})
Doing account.functionCall()
Transaction Id 7gPFsmij8dKeof8W99VDDM8cE3dPGiL1fBmUhThVDapz
To see the transaction in the transaction explorer, please open this url in your browser
https://explorer.shardnet.near.org/transactions/7gPFsmij8dKeof8W99VDDM8cE3dPGiL1fBmUhThVDapz
''
| New      | dstake.factory.shardnet.near            | 556              | 1       |
---
Wed 27 Jul 2022 02:18:01 PM CDT
Scheduling a call: dstake.factory.shardnet.near.ping({})
Doing account.functionCall()
Transaction Id 9qZrjiKgdx5RFXj8Ka1yLfWmyzUhywetyaAhj7V7Ms1P
To see the transaction in the transaction explorer, please open this url in your browser
https://explorer.shardnet.near.org/transactions/9qZrjiKgdx5RFXj8Ka1yLfWmyzUhywetyaAhj7V7Ms1P
''
| New      | dstake.factory.shardnet.near            | 556              | 1       |
---
Wed 27 Jul 2022 02:20:01 PM CDT
Scheduling a call: dstake.factory.shardnet.near.ping({})
Doing account.functionCall()
Transaction Id 5mzEqi1626zN4mB4zLonSLY6zcvNxp2grY3Lrpu2X8xw
To see the transaction in the transaction explorer, please open this url in your browser
https://explorer.shardnet.near.org/transactions/5mzEqi1626zN4mB4zLonSLY6zcvNxp2grY3Lrpu2X8xw
''
| New      | dstake.factory.shardnet.near            | 556              | 1       |
---
Wed 27 Jul 2022 02:22:01 PM CDT
Scheduling a call: dstake.factory.shardnet.near.ping({})
Doing account.functionCall()
Transaction Id FajCXUqbgt41pmWMHoBagdhtQQC6R1bQnVActCvpMLXw
To see the transaction in the transaction explorer, please open this url in your browser
https://explorer.shardnet.near.org/transactions/FajCXUqbgt41pmWMHoBagdhtQQC6R1bQnVActCvpMLXw
''
| New      | dstake.factory.shardnet.near            | 556              | 1       |
---
Wed 27 Jul 2022 02:24:01 PM CDT
Scheduling a call: dstake.factory.shardnet.near.ping({})
Doing account.functionCall()
Transaction Id 34tymC4qQBXxNDn9mw5a6epFMZtxg69k74Drbdk3NvCq
To see the transaction in the transaction explorer, please open this url in your browser
https://explorer.shardnet.near.org/transactions/34tymC4qQBXxNDn9mw5a6epFMZtxg69k74Drbdk3NvCq
''
| New      | dstake.factory.shardnet.near            | 556              | 1       |
